[+] Containers:
 |- [+] Container: /Game/ThirdPerson/Maps/ThirdPersonMap
 |   |- [+] ActorDescs:
 |   |   |- Guid:0C92239C4E67AAAC92898BBD21278540 NativeClass:/Script/Engine.StaticMeshActor Name:StaticMeshActor_UAID_98BB1E1F79F8E45902_1303803612 Label:Wand_12 SpatiallyLoaded:true EditorBounds:IsValid=true, Min=(X=-590.000 Y=2020.000 Z=0.000), Max=(X=-90.000 Y=2120.000 Z=1000.000) RuntimeBounds:IsValid=true, Min=(X=-590.000 Y=2020.000 Z=0.000), Max=(X=-90.000 Y=2120.000 Z=1000.000) RuntimeGrid:None EditorOnly:false RuntimeOnly:false HLODRelevant:true ListedInSceneOutliner:true IsMainWorldOnly:false FolderPath:Raum FolderGuid:D2E0ED034C7423387FC7D4973DB59E07
 |   |   |- Guid:0FECF1104DE289166A82AE81DA1B92B5 NativeClass:/Script/Engine.StaticMeshActor Name:StaticMeshActor_UAID_98BB1E1F79F8E45902_1303809614 Label:Boden_Hauptraum2 SpatiallyLoaded:true EditorBounds:IsValid=true, Min=(X=-1000.000 Y=1200.000 Z=-50.000), Max=(X=0.000 Y=2200.000 Z=0.000) RuntimeBounds:IsValid=true, Min=(X=-1000.000 Y=1200.000 Z=-50.000), Max=(X=0.000 Y=2200.000 Z=0.000) RuntimeGrid:None EditorOnly:false RuntimeOnly:false HLODRelevant:true ListedInSceneOutliner:true IsMainWorldOnly:false FolderPath:Raum FolderGuid:D2E0ED034C7423387FC7D4973DB59E07
 |   |   |- Guid:1E76156848C6DEB91880BD83989D490A NativeClass:/Script/Engine.StaticMeshActor Name:StaticMeshActor_UAID_98BB1E1F79F8E45902_1940046631 Label:Boden_Hauptraum3 SpatiallyLoaded:true EditorBounds:IsValid=true, Min=(X=-820.000 Y=-1470.000 Z=974.000), Max=(X=4180.000 Y=3530.000 Z=1024.000) RuntimeBounds:IsValid=true, Min=(X=-820.000 Y=-1470.000 Z=974.000), Max=(X=4180.000 Y=3530.000 Z=1024.000) RuntimeGrid:None EditorOnly:false RuntimeOnly:false HLODRelevant:true ListedInSceneOutliner:true IsMainWorldOnly:false FolderPath:Raum FolderGuid:D2E0ED034C7423387FC7D4973DB59E07
 |   |   |- Guid:246B44224D47BEE9B1CFB3A129CA4F3A NativeClass:/Script/Engine.StaticMeshActor Name:StaticMeshActor_UAID_98BB1E1F79F8E45902_1303829623 Label:Wand_14 SpatiallyLoaded:true EditorBounds:IsValid=true, Min=(X=390.000 Y=610.000 Z=0.000), Max=(X=490.000 Y=2690.000 Z=1000.000) RuntimeBounds:IsValid=true, Min=(X=390.000 Y=610.000 Z=0.000), Max=(X=490.000 Y=2690.000 Z=1000.000) RuntimeGrid:None EditorOnly:false RuntimeOnly:false HLODRelevant:true ListedInSceneOutliner:true IsMainWorldOnly:false FolderPath:Raum FolderGuid:D2E0ED034C7423387FC7D4973DB59E07
 |   |   |- Guid:255420D8477FB83FEB53C9BB01A24043 NativeClass:/Script/Engine.PlayerStart Name:PlayerStart_UAID_98BB1E1F79F8E45902_1363309629 Label:PlayerStart SpatiallyLoaded:false EditorBounds:IsValid=true, Min=(X=-328.000 Y=1622.000 Z=-128.000), Max=(X=40.000 Y=1878.000 Z=128.000) RuntimeBounds:IsValid=true, Min=(X=-240.000 Y=1710.000 Z=-92.000), Max=(X=-160.000 Y=1790.000 Z=92.000) RuntimeGrid:None EditorOnly:false RuntimeOnly:false HLODRelevant:false ListedInSceneOutliner:true IsMainWorldOnly:false
 |   |   |- Guid:2AD5B20F430CC5F0AB4DC0AFC569EE21 NativeClass:/Script/Engine.StaticMeshActor Name:StaticMeshActor_UAID_98BB1E1F79F8E45902_1303800611 Label:Wand_6 SpatiallyLoaded:true EditorBounds:IsValid=true, Min=(X=2400.000 Y=-1000.000 Z=0.000), Max=(X=2500.000 Y=0.000 Z=1000.000) RuntimeBounds:IsValid=true, Min=(X=2400.000 Y=-1000.000 Z=0.000), Max=(X=2500.000 Y=0.000 Z=1000.000) RuntimeGrid:None EditorOnly:false RuntimeOnly:false HLODRelevant:true ListedInSceneOutliner:true IsMainWorldOnly:false FolderPath:Raum FolderGuid:D2E0ED034C7423387FC7D4973DB59E07
 |   |   |- Guid:2FB58999456391D349DC0F86DAC136ED NativeClass:/Script/Engine.SkyLight Name:SkyLight_1 Label:SkyLight SpatiallyLoaded:false EditorBounds:IsValid=true, Min=(X=0.000 Y=0.000 Z=690.000), Max=(X=0.000 Y=0.000 Z=690.000) RuntimeBounds:IsValid=true, Min=(X=0.000 Y=0.000 Z=690.000), Max=(X=0.000 Y=0.000 Z=690.000) RuntimeGrid:None EditorOnly:false RuntimeOnly:false HLODRelevant:false ListedInSceneOutliner:true IsMainWorldOnly:false FolderPath:Lighting FolderGuid:963EC3EB4002CCE9759E2EBA541A873A
 |   |   |- Guid:316CF2A6494ACA4C0E4180A87D36AB8F NativeClass:/Script/Engine.ExponentialHeightFog Name:ExponentialHeightFog_0 Label:ExponentialHeightFog SpatiallyLoaded:false EditorBounds:IsValid=true, Min=(X=-5600.000 Y=-50.000 Z=-6850.000), Max=(X=-5600.000 Y=-50.000 Z=-6850.000) RuntimeBounds:IsValid=true, Min=(X=-5600.000 Y=-50.000 Z=-6850.000), Max=(X=-5600.000 Y=-50.000 Z=-6850.000) RuntimeGrid:None EditorOnly:false RuntimeOnly:false HLODRelevant:false ListedInSceneOutliner:true IsMainWorldOnly:false FolderPath:Lighting FolderGuid:963EC3EB4002CCE9759E2EBA541A873A
 |   |   |- Guid:46DC72294F78BAA22CD909877F88058C NativeClass:/Script/Engine.TextRenderActor Name:TextRenderActor_UAID_98BB1E1F79F8E45902_1363320630 Label:TextRenderActor SpatiallyLoaded:true EditorBounds:IsValid=true, Min=(X=-128.100 Y=1412.000 Z=12.013), Max=(X=127.900 Y=1995.769 Z=268.013) RuntimeBounds:IsValid=true, Min=(X=-0.100 Y=1540.000 Z=83.763), Max=(X=-0.100 Y=1995.769 Z=196.263) RuntimeGrid:None EditorOnly:false RuntimeOnly:false HLODRelevant:false ListedInSceneOutliner:true IsMainWorldOnly:false
 |   |   |- Guid:4D3BE93F4146AAAC8BBE79999D96D57F NativeClass:/Script/Engine.VolumetricCloud Name:VolumetricCloud_0 Label:VolumetricCloud SpatiallyLoaded:false EditorBounds:IsValid=true, Min=(X=0.000 Y=0.000 Z=820.000), Max=(X=0.000 Y=0.000 Z=820.000) RuntimeBounds:IsValid=true, Min=(X=0.000 Y=0.000 Z=820.000), Max=(X=0.000 Y=0.000 Z=820.000) RuntimeGrid:None EditorOnly:false RuntimeOnly:false HLODRelevant:false ListedInSceneOutliner:true IsMainWorldOnly:false FolderPath:Lighting FolderGuid:963EC3EB4002CCE9759E2EBA541A873A
 |   |   |- Guid:4DBC24B840A6177C27282BBCBC03892E NativeClass:/Script/Engine.StaticMeshActor Name:StaticMeshActor_UAID_98BB1E1F79F8E45902_1303811615 Label:Boden_Nebenraum SpatiallyLoaded:true EditorBounds:IsValid=true, Min=(X=2400.000 Y=-1100.000 Z=-50.000), Max=(X=3200.000 Y=0.000 Z=0.000) RuntimeBounds:IsValid=true, Min=(X=2400.000 Y=-1100.000 Z=-50.000), Max=(X=3200.000 Y=0.000 Z=0.000) RuntimeGrid:None EditorOnly:false RuntimeOnly:false HLODRelevant:true ListedInSceneOutliner:true IsMainWorldOnly:false FolderPath:Raum FolderGuid:D2E0ED034C7423387FC7D4973DB59E07
 |   |   |- Guid:531A579E422748173418E4ADC12AD5C9 NativeClass:/Script/Engine.StaticMeshActor Name:StaticMeshActor_UAID_98BB1E1F79F8E45902_1303825621 Label:Wand_13 SpatiallyLoaded:true EditorBounds:IsValid=true, Min=(X=-690.000 Y=1230.000 Z=0.000), Max=(X=-590.000 Y=2230.000 Z=1000.000) RuntimeBounds:IsValid=true, Min=(X=-690.000 Y=1230.000 Z=0.000), Max=(X=-590.000 Y=2230.000 Z=1000.000) RuntimeGrid:None EditorOnly:false RuntimeOnly:false HLODRelevant:true ListedInSceneOutliner:true IsMainWorldOnly:false FolderPath:Raum FolderGuid:D2E0ED034C7423387FC7D4973DB59E07
 |   |   |- Guid:5B7C470C4F44941DD2D6A18534AD36F6 NativeClass:/Script/Engine.StaticMeshActor Name:StaticMeshActor_UAID_98BB1E1F79F8E45902_1325658628 Label:Shape_Cube2 SpatiallyLoaded:true EditorBounds:IsValid=true, Min=(X=256.375 Y=1870.000 Z=0.000), Max=(X=403.625 Y=2370.000 Z=100.000) RuntimeBounds:IsValid=true, Min=(X=256.375 Y=1870.000 Z=0.000), Max=(X=403.625 Y=2370.000 Z=100.000) RuntimeGrid:None EditorOnly:false RuntimeOnly:false HLODRelevant:true ListedInSceneOutliner:true IsMainWorldOnly:false FolderPath:Raum_Ausstattung FolderGuid:57F9641842BA9A9E2DC322B4375079A2
 |   |   |- Guid:671A009D405764983A2AD0817B0D3767 NativeClass:/Script/Engine.StaticMeshActor Name:StaticMeshActor_UAID_98BB1E1F79F8E45902_1303834625 Label:Wand_16 SpatiallyLoaded:true EditorBounds:IsValid=true, Min=(X=2400.000 Y=90.000 Z=0.000), Max=(X=2500.000 Y=1590.000 Z=1000.000) RuntimeBounds:IsValid=true, Min=(X=2400.000 Y=90.000 Z=0.000), Max=(X=2500.000 Y=1590.000 Z=1000.000) RuntimeGrid:None EditorOnly:false RuntimeOnly:false HLODRelevant:true ListedInSceneOutliner:true IsMainWorldOnly:false FolderPath:Raum FolderGuid:D2E0ED034C7423387FC7D4973DB59E07
 |   |   |- Guid:6BAF4DDD444C60371492D3919DB42C97 NativeClass:/Script/Engine.WorldDataLayers Name:WorldDataLayers Label:WorldDataLayers SpatiallyLoaded:false EditorBounds:IsValid=true, Min=(X=0.000 Y=0.000 Z=0.000), Max=(X=0.000 Y=0.000 Z=0.000) RuntimeBounds:IsValid=true, Min=(X=0.000 Y=0.000 Z=0.000), Max=(X=0.000 Y=0.000 Z=0.000) RuntimeGrid:None EditorOnly:false RuntimeOnly:false HLODRelevant:false ListedInSceneOutliner:true IsMainWorldOnly:true
 |   |   |- Guid:7FF740724203584A4AB142819DF9BC49 NativeClass:/Script/Engine.StaticMeshActor Name:StaticMeshActor_UAID_98BB1E1F79F8E45902_1303813616 Label:Wand_8 SpatiallyLoaded:true EditorBounds:IsValid=true, Min=(X=-90.000 Y=2020.000 Z=0.000), Max=(X=10.000 Y=3520.000 Z=1000.000) RuntimeBounds:IsValid=true, Min=(X=-90.000 Y=2020.000 Z=0.000), Max=(X=10.000 Y=3520.000 Z=1000.000) RuntimeGrid:None EditorOnly:false RuntimeOnly:false HLODRelevant:true ListedInSceneOutliner:true IsMainWorldOnly:false FolderPath:Raum FolderGuid:D2E0ED034C7423387FC7D4973DB59E07
 |   |   |- Guid:9020678F41788B5D719D11B536602F2F NativeClass:/Script/Engine.StaticMeshActor Name:StaticMeshActor_UAID_98BB1E1F79F8E45902_1325653626 Label:Shape_Cube3 SpatiallyLoaded:true EditorBounds:IsValid=true, Min=(X=-34.532 Y=2456.198 Z=41.990), Max=(X=112.718 Y=2738.948 Z=141.990) RuntimeBounds:IsValid=true, Min=(X=-34.532 Y=2456.198 Z=41.990), Max=(X=112.718 Y=2738.948 Z=141.990) RuntimeGrid:None EditorOnly:false RuntimeOnly:false HLODRelevant:true ListedInSceneOutliner:true IsMainWorldOnly:false FolderPath:Raum_Ausstattung FolderGuid:57F9641842BA9A9E2DC322B4375079A2
 |   |   |- Guid:905472B24615E8DD566E6E94E5842FFC NativeClass:/Script/Engine.StaticMeshActor Name:StaticMeshActor_UAID_98BB1E1F79F8E45902_1220961607 Label:Boden_Hauptraum SpatiallyLoaded:true EditorBounds:IsValid=true, Min=(X=0.000 Y=0.000 Z=-50.000), Max=(X=4000.000 Y=3500.000 Z=0.000) RuntimeBounds:IsValid=true, Min=(X=0.000 Y=0.000 Z=-50.000), Max=(X=4000.000 Y=3500.000 Z=0.000) RuntimeGrid:None EditorOnly:false RuntimeOnly:false HLODRelevant:true ListedInSceneOutliner:true IsMainWorldOnly:false FolderPath:Raum FolderGuid:D2E0ED034C7423387FC7D4973DB59E07
 |   |   |- Guid:99847E65444FEA7FFF7F7797D1D051CB NativeClass:/Script/Engine.StaticMeshActor Name:StaticMeshActor_UAID_98BB1E1F79F8E45902_1325656627 Label:Shape_Cube SpatiallyLoaded:true EditorBounds:IsValid=true, Min=(X=6.375 Y=1010.000 Z=0.000), Max=(X=153.625 Y=1510.000 Z=100.000) RuntimeBounds:IsValid=true, Min=(X=6.375 Y=1010.000 Z=0.000), Max=(X=153.625 Y=1510.000 Z=100.000) RuntimeGrid:None EditorOnly:false RuntimeOnly:false HLODRelevant:true ListedInSceneOutliner:true IsMainWorldOnly:false FolderPath:Raum_Ausstattung FolderGuid:57F9641842BA9A9E2DC322B4375079A2
 |   |   |- Guid:99DB933A498B75E14D952DBC2A5B3777 NativeClass:/Script/Engine.StaticMeshActor Name:StaticMeshActor_UAID_98BB1E1F79F8E45902_1303819619 Label:Wand_9 SpatiallyLoaded:true EditorBounds:IsValid=true, Min=(X=3010.000 Y=-1000.000 Z=0.000), Max=(X=3110.000 Y=0.000 Z=1000.000) RuntimeBounds:IsValid=true, Min=(X=3010.000 Y=-1000.000 Z=0.000), Max=(X=3110.000 Y=0.000 Z=1000.000) RuntimeGrid:None EditorOnly:false RuntimeOnly:false HLODRelevant:true ListedInSceneOutliner:true IsMainWorldOnly:false FolderPath:Raum FolderGuid:D2E0ED034C7423387FC7D4973DB59E07
 |   |   |- Guid:9AF766304883AD5F9C0DD3AA1594466E NativeClass:/Script/Engine.StaticMeshActor Name:StaticMeshActor_UAID_98BB1E1F79F8E45902_1303806613 Label:Wand_7 SpatiallyLoaded:true EditorBounds:IsValid=true, Min=(X=2400.000 Y=-1100.000 Z=0.000), Max=(X=3110.000 Y=-1000.000 Z=1000.000) RuntimeBounds:IsValid=true, Min=(X=2400.000 Y=-1100.000 Z=0.000), Max=(X=3110.000 Y=-1000.000 Z=1000.000) RuntimeGrid:None EditorOnly:false RuntimeOnly:false HLODRelevant:true ListedInSceneOutliner:true IsMainWorldOnly:false FolderPath:Raum FolderGuid:D2E0ED034C7423387FC7D4973DB59E07
 |   |   |- Guid:B62B07684292FE7A15D1E289AF3837B1 NativeClass:/Script/Engine.StaticMeshActor Name:StaticMeshActor_UAID_98BB1E1F79F8E45902_1303832624 Label:Wand_15 SpatiallyLoaded:true EditorBounds:IsValid=true, Min=(X=1030.000 Y=2690.000 Z=0.000), Max=(X=2530.000 Y=2790.000 Z=1000.000) RuntimeBounds:IsValid=true, Min=(X=1030.000 Y=2690.000 Z=0.000), Max=(X=2530.000 Y=2790.000 Z=1000.000) RuntimeGrid:None EditorOnly:false RuntimeOnly:false HLODRelevant:true ListedInSceneOutliner:true IsMainWorldOnly:false FolderPath:Raum FolderGuid:D2E0ED034C7423387FC7D4973DB59E07
 |   |   |- Guid:B785ED2844B84CFB91E7F39FE661CD99 NativeClass:/Script/Engine.DirectionalLight Name:DirectionalLight_0 Label:DirectionalLight SpatiallyLoaded:false EditorBounds:IsValid=true, Min=(X=-1048576.000 Y=-1048576.000 Z=-1048576.000), Max=(X=1048576.000 Y=1048576.000 Z=1048576.000) RuntimeBounds:IsValid=true, Min=(X=-1048576.000 Y=-1048576.000 Z=-1048576.000), Max=(X=1048576.000 Y=1048576.000 Z=1048576.000) RuntimeGrid:None EditorOnly:false RuntimeOnly:false HLODRelevant:false ListedInSceneOutliner:true IsMainWorldOnly:false FolderPath:Lighting FolderGuid:963EC3EB4002CCE9759E2EBA541A873A
 |   |   |- Guid:BF6203784DE546C73280F19B06878432 NativeClass:/Script/Engine.StaticMeshActor Name:StaticMeshActor_UAID_98BB1E1F79F8E45902_1303792608 Label:Wand_1 SpatiallyLoaded:true EditorBounds:IsValid=true, Min=(X=3340.000 Y=100.000 Z=0.000), Max=(X=3440.000 Y=3400.000 Z=1000.000) RuntimeBounds:IsValid=true, Min=(X=3340.000 Y=100.000 Z=0.000), Max=(X=3440.000 Y=3400.000 Z=1000.000) RuntimeGrid:None EditorOnly:false RuntimeOnly:false HLODRelevant:true ListedInSceneOutliner:true IsMainWorldOnly:false FolderPath:Raum FolderGuid:D2E0ED034C7423387FC7D4973DB59E07
 |   |   |- Guid:C208BFAA41E5CDF73866A1B3D67A3AFD NativeClass:/Script/Engine.StaticMeshActor Name:StaticMeshActor_UAID_98BB1E1F79F8E45902_1303822620 Label:Wand_4 SpatiallyLoaded:true EditorBounds:IsValid=true, Min=(X=0.000 Y=3400.000 Z=0.000), Max=(X=4000.000 Y=3500.000 Z=1000.000) RuntimeBounds:IsValid=true, Min=(X=0.000 Y=3400.000 Z=0.000), Max=(X=4000.000 Y=3500.000 Z=1000.000) RuntimeGrid:None EditorOnly:false RuntimeOnly:false HLODRelevant:true ListedInSceneOutliner:true IsMainWorldOnly:false FolderPath:Raum FolderGuid:D2E0ED034C7423387FC7D4973DB59E07
 |   |   |- Guid:C83C51B54D2973110827B785138B2715 NativeClass:/Script/Engine.StaticMeshActor Name:StaticMeshActor_UAID_98BB1E1F79F8E45902_1303798610 Label:Wand_3 SpatiallyLoaded:true EditorBounds:IsValid=true, Min=(X=3010.000 Y=0.000 Z=0.000), Max=(X=4010.000 Y=100.000 Z=1000.000) RuntimeBounds:IsValid=true, Min=(X=3010.000 Y=0.000 Z=0.000), Max=(X=4010.000 Y=100.000 Z=1000.000) RuntimeGrid:None EditorOnly:false RuntimeOnly:false HLODRelevant:true ListedInSceneOutliner:true IsMainWorldOnly:false FolderPath:Raum FolderGuid:D2E0ED034C7423387FC7D4973DB59E07
 |   |   |- Guid:CCFF262C46EEFFDF319E7F9539CE697E NativeClass:/Script/Engine.SkyAtmosphere Name:SkyAtmosphere_0 Label:SkyAtmosphere SpatiallyLoaded:false EditorBounds:IsValid=true, Min=(X=0.000 Y=0.000 Z=1020.000), Max=(X=0.000 Y=0.000 Z=1020.000) RuntimeBounds:IsValid=true, Min=(X=0.000 Y=0.000 Z=1020.000), Max=(X=0.000 Y=0.000 Z=1020.000) RuntimeGrid:None EditorOnly:false RuntimeOnly:false HLODRelevant:false ListedInSceneOutliner:true IsMainWorldOnly:false FolderPath:Lighting FolderGuid:963EC3EB4002CCE9759E2EBA541A873A
 |   |   |- Guid:EB076EB246236B65BF998484AC1DBB6E NativeClass:/Script/Engine.StaticMeshActor Name:StaticMeshActor_UAID_98BB1E1F79F8E45902_1303814617 Label:Wand_11 SpatiallyLoaded:true EditorBounds:IsValid=true, Min=(X=-580.000 Y=1410.000 Z=0.000), Max=(X=-80.000 Y=1510.000 Z=1000.000) RuntimeBounds:IsValid=true, Min=(X=-580.000 Y=1410.000 Z=0.000), Max=(X=-80.000 Y=1510.000 Z=1000.000) RuntimeGrid:None EditorOnly:false RuntimeOnly:false HLODRelevant:true ListedInSceneOutliner:true IsMainWorldOnly:false FolderPath:Raum FolderGuid:D2E0ED034C7423387FC7D4973DB59E07
 |   |   |- Guid:EC4E0C944CE6AC6E784BC6BB2916EA13 NativeClass:/Script/Engine.StaticMeshActor Name:StaticMeshActor_UAID_A4AE111137DC5EFB00_1110535423 Label:SM_SkySphere SpatiallyLoaded:false EditorBounds:IsValid=true, Min=(X=-1638400.000 Y=-1638400.000 Z=-1638400.000), Max=(X=1638400.000 Y=1638400.000 Z=1638400.000) RuntimeBounds:IsValid=true, Min=(X=-1638400.000 Y=-1638400.000 Z=-1638400.000), Max=(X=1638400.000 Y=1638400.000 Z=1638400.000) RuntimeGrid:None EditorOnly:false RuntimeOnly:false HLODRelevant:true ListedInSceneOutliner:true IsMainWorldOnly:false FolderPath:Lighting FolderGuid:963EC3EB4002CCE9759E2EBA541A873A
 |   |   |- Guid:EC5879D44F1B2B1AD66E3CA407E67BE1 NativeClass:/Script/Engine.StaticMeshActor Name:StaticMeshActor_UAID_98BB1E1F79F8E45902_1303818618 Label:Wand_10 SpatiallyLoaded:true EditorBounds:IsValid=true, Min=(X=-80.000 Y=10.000 Z=0.000), Max=(X=20.000 Y=1510.000 Z=1000.000) RuntimeBounds:IsValid=true, Min=(X=-80.000 Y=10.000 Z=0.000), Max=(X=20.000 Y=1510.000 Z=1000.000) RuntimeGrid:None EditorOnly:false RuntimeOnly:false HLODRelevant:true ListedInSceneOutliner:true IsMainWorldOnly:false FolderPath:Raum FolderGuid:D2E0ED034C7423387FC7D4973DB59E07
 |   |   |- Guid:F15686564574DE5A6470A0ABD2E599C6 NativeClass:/Script/Engine.StaticMeshActor Name:StaticMeshActor_UAID_98BB1E1F79F8E45902_1303795609 Label:Wand_2 SpatiallyLoaded:true EditorBounds:IsValid=true, Min=(X=0.000 Y=0.000 Z=0.000), Max=(X=2500.000 Y=100.000 Z=1000.000) RuntimeBounds:IsValid=true, Min=(X=0.000 Y=0.000 Z=0.000), Max=(X=2500.000 Y=100.000 Z=1000.000) RuntimeGrid:None EditorOnly:false RuntimeOnly:false HLODRelevant:true ListedInSceneOutliner:true IsMainWorldOnly:false FolderPath:Raum FolderGuid:D2E0ED034C7423387FC7D4973DB59E07
 |   |   |- Guid:F5E3FEB3450C49844FD93DA8E083C8AD NativeClass:/Script/Engine.PostProcessVolume Name:PostProcessVolume_0 Label:PostProcessVolume SpatiallyLoaded:false EditorBounds:IsValid=true, Min=(X=0.000 Y=0.000 Z=400.000), Max=(X=200.000 Y=200.000 Z=600.000) RuntimeBounds:IsValid=true, Min=(X=0.000 Y=0.000 Z=400.000), Max=(X=200.000 Y=200.000 Z=600.000) RuntimeGrid:None EditorOnly:false RuntimeOnly:false HLODRelevant:false ListedInSceneOutliner:true IsMainWorldOnly:false FolderPath:Lighting FolderGuid:963EC3EB4002CCE9759E2EBA541A873A
 |   |- [+] Clusters:
 |   |   |- [+] [  0]
 |   |   |   |- Guid:0C92239C4E67AAAC92898BBD21278540 NativeClass:/Script/Engine.StaticMeshActor Name:StaticMeshActor_UAID_98BB1E1F79F8E45902_1303803612 Label:Wand_12 SpatiallyLoaded:true EditorBounds:IsValid=true, Min=(X=-590.000 Y=2020.000 Z=0.000), Max=(X=-90.000 Y=2120.000 Z=1000.000) RuntimeBounds:IsValid=true, Min=(X=-590.000 Y=2020.000 Z=0.000), Max=(X=-90.000 Y=2120.000 Z=1000.000) RuntimeGrid:None EditorOnly:false RuntimeOnly:false HLODRelevant:true ListedInSceneOutliner:true IsMainWorldOnly:false FolderPath:Raum FolderGuid:D2E0ED034C7423387FC7D4973DB59E07
 |   |   |- [+] [  1]
 |   |   |   |- Guid:0FECF1104DE289166A82AE81DA1B92B5 NativeClass:/Script/Engine.StaticMeshActor Name:StaticMeshActor_UAID_98BB1E1F79F8E45902_1303809614 Label:Boden_Hauptraum2 SpatiallyLoaded:true EditorBounds:IsValid=true, Min=(X=-1000.000 Y=1200.000 Z=-50.000), Max=(X=0.000 Y=2200.000 Z=0.000) RuntimeBounds:IsValid=true, Min=(X=-1000.000 Y=1200.000 Z=-50.000), Max=(X=0.000 Y=2200.000 Z=0.000) RuntimeGrid:None EditorOnly:false RuntimeOnly:false HLODRelevant:true ListedInSceneOutliner:true IsMainWorldOnly:false FolderPath:Raum FolderGuid:D2E0ED034C7423387FC7D4973DB59E07
 |   |   |- [+] [  2]
 |   |   |   |- Guid:1E76156848C6DEB91880BD83989D490A NativeClass:/Script/Engine.StaticMeshActor Name:StaticMeshActor_UAID_98BB1E1F79F8E45902_1940046631 Label:Boden_Hauptraum3 SpatiallyLoaded:true EditorBounds:IsValid=true, Min=(X=-820.000 Y=-1470.000 Z=974.000), Max=(X=4180.000 Y=3530.000 Z=1024.000) RuntimeBounds:IsValid=true, Min=(X=-820.000 Y=-1470.000 Z=974.000), Max=(X=4180.000 Y=3530.000 Z=1024.000) RuntimeGrid:None EditorOnly:false RuntimeOnly:false HLODRelevant:true ListedInSceneOutliner:true IsMainWorldOnly:false FolderPath:Raum FolderGuid:D2E0ED034C7423387FC7D4973DB59E07
 |   |   |- [+] [  3]
 |   |   |   |- Guid:246B44224D47BEE9B1CFB3A129CA4F3A NativeClass:/Script/Engine.StaticMeshActor Name:StaticMeshActor_UAID_98BB1E1F79F8E45902_1303829623 Label:Wand_14 SpatiallyLoaded:true EditorBounds:IsValid=true, Min=(X=390.000 Y=610.000 Z=0.000), Max=(X=490.000 Y=2690.000 Z=1000.000) RuntimeBounds:IsValid=true, Min=(X=390.000 Y=610.000 Z=0.000), Max=(X=490.000 Y=2690.000 Z=1000.000) RuntimeGrid:None EditorOnly:false RuntimeOnly:false HLODRelevant:true ListedInSceneOutliner:true IsMainWorldOnly:false FolderPath:Raum FolderGuid:D2E0ED034C7423387FC7D4973DB59E07
 |   |   |- [+] [  4]
 |   |   |   |- Guid:255420D8477FB83FEB53C9BB01A24043 NativeClass:/Script/Engine.PlayerStart Name:PlayerStart_UAID_98BB1E1F79F8E45902_1363309629 Label:PlayerStart SpatiallyLoaded:false EditorBounds:IsValid=true, Min=(X=-328.000 Y=1622.000 Z=-128.000), Max=(X=40.000 Y=1878.000 Z=128.000) RuntimeBounds:IsValid=true, Min=(X=-240.000 Y=1710.000 Z=-92.000), Max=(X=-160.000 Y=1790.000 Z=92.000) RuntimeGrid:None EditorOnly:false RuntimeOnly:false HLODRelevant:false ListedInSceneOutliner:true IsMainWorldOnly:false
 |   |   |- [+] [  5]
 |   |   |   |- Guid:2AD5B20F430CC5F0AB4DC0AFC569EE21 NativeClass:/Script/Engine.StaticMeshActor Name:StaticMeshActor_UAID_98BB1E1F79F8E45902_1303800611 Label:Wand_6 SpatiallyLoaded:true EditorBounds:IsValid=true, Min=(X=2400.000 Y=-1000.000 Z=0.000), Max=(X=2500.000 Y=0.000 Z=1000.000) RuntimeBounds:IsValid=true, Min=(X=2400.000 Y=-1000.000 Z=0.000), Max=(X=2500.000 Y=0.000 Z=1000.000) RuntimeGrid:None EditorOnly:false RuntimeOnly:false HLODRelevant:true ListedInSceneOutliner:true IsMainWorldOnly:false FolderPath:Raum FolderGuid:D2E0ED034C7423387FC7D4973DB59E07
 |   |   |- [+] [  6]
 |   |   |   |- Guid:2FB58999456391D349DC0F86DAC136ED NativeClass:/Script/Engine.SkyLight Name:SkyLight_1 Label:SkyLight SpatiallyLoaded:false EditorBounds:IsValid=true, Min=(X=0.000 Y=0.000 Z=690.000), Max=(X=0.000 Y=0.000 Z=690.000) RuntimeBounds:IsValid=true, Min=(X=0.000 Y=0.000 Z=690.000), Max=(X=0.000 Y=0.000 Z=690.000) RuntimeGrid:None EditorOnly:false RuntimeOnly:false HLODRelevant:false ListedInSceneOutliner:true IsMainWorldOnly:false FolderPath:Lighting FolderGuid:963EC3EB4002CCE9759E2EBA541A873A
 |   |   |- [+] [  7]
 |   |   |   |- Guid:316CF2A6494ACA4C0E4180A87D36AB8F NativeClass:/Script/Engine.ExponentialHeightFog Name:ExponentialHeightFog_0 Label:ExponentialHeightFog SpatiallyLoaded:false EditorBounds:IsValid=true, Min=(X=-5600.000 Y=-50.000 Z=-6850.000), Max=(X=-5600.000 Y=-50.000 Z=-6850.000) RuntimeBounds:IsValid=true, Min=(X=-5600.000 Y=-50.000 Z=-6850.000), Max=(X=-5600.000 Y=-50.000 Z=-6850.000) RuntimeGrid:None EditorOnly:false RuntimeOnly:false HLODRelevant:false ListedInSceneOutliner:true IsMainWorldOnly:false FolderPath:Lighting FolderGuid:963EC3EB4002CCE9759E2EBA541A873A
 |   |   |- [+] [  8]
 |   |   |   |- Guid:46DC72294F78BAA22CD909877F88058C NativeClass:/Script/Engine.TextRenderActor Name:TextRenderActor_UAID_98BB1E1F79F8E45902_1363320630 Label:TextRenderActor SpatiallyLoaded:true EditorBounds:IsValid=true, Min=(X=-128.100 Y=1412.000 Z=12.013), Max=(X=127.900 Y=1995.769 Z=268.013) RuntimeBounds:IsValid=true, Min=(X=-0.100 Y=1540.000 Z=83.763), Max=(X=-0.100 Y=1995.769 Z=196.263) RuntimeGrid:None EditorOnly:false RuntimeOnly:false HLODRelevant:false ListedInSceneOutliner:true IsMainWorldOnly:false
 |   |   |- [+] [  9]
 |   |   |   |- Guid:4D3BE93F4146AAAC8BBE79999D96D57F NativeClass:/Script/Engine.VolumetricCloud Name:VolumetricCloud_0 Label:VolumetricCloud SpatiallyLoaded:false EditorBounds:IsValid=true, Min=(X=0.000 Y=0.000 Z=820.000), Max=(X=0.000 Y=0.000 Z=820.000) RuntimeBounds:IsValid=true, Min=(X=0.000 Y=0.000 Z=820.000), Max=(X=0.000 Y=0.000 Z=820.000) RuntimeGrid:None EditorOnly:false RuntimeOnly:false HLODRelevant:false ListedInSceneOutliner:true IsMainWorldOnly:false FolderPath:Lighting FolderGuid:963EC3EB4002CCE9759E2EBA541A873A
 |   |   |- [+] [ 10]
 |   |   |   |- Guid:4DBC24B840A6177C27282BBCBC03892E NativeClass:/Script/Engine.StaticMeshActor Name:StaticMeshActor_UAID_98BB1E1F79F8E45902_1303811615 Label:Boden_Nebenraum SpatiallyLoaded:true EditorBounds:IsValid=true, Min=(X=2400.000 Y=-1100.000 Z=-50.000), Max=(X=3200.000 Y=0.000 Z=0.000) RuntimeBounds:IsValid=true, Min=(X=2400.000 Y=-1100.000 Z=-50.000), Max=(X=3200.000 Y=0.000 Z=0.000) RuntimeGrid:None EditorOnly:false RuntimeOnly:false HLODRelevant:true ListedInSceneOutliner:true IsMainWorldOnly:false FolderPath:Raum FolderGuid:D2E0ED034C7423387FC7D4973DB59E07
 |   |   |- [+] [ 11]
 |   |   |   |- Guid:531A579E422748173418E4ADC12AD5C9 NativeClass:/Script/Engine.StaticMeshActor Name:StaticMeshActor_UAID_98BB1E1F79F8E45902_1303825621 Label:Wand_13 SpatiallyLoaded:true EditorBounds:IsValid=true, Min=(X=-690.000 Y=1230.000 Z=0.000), Max=(X=-590.000 Y=2230.000 Z=1000.000) RuntimeBounds:IsValid=true, Min=(X=-690.000 Y=1230.000 Z=0.000), Max=(X=-590.000 Y=2230.000 Z=1000.000) RuntimeGrid:None EditorOnly:false RuntimeOnly:false HLODRelevant:true ListedInSceneOutliner:true IsMainWorldOnly:false FolderPath:Raum FolderGuid:D2E0ED034C7423387FC7D4973DB59E07
 |   |   |- [+] [ 12]
 |   |   |   |- Guid:5B7C470C4F44941DD2D6A18534AD36F6 NativeClass:/Script/Engine.StaticMeshActor Name:StaticMeshActor_UAID_98BB1E1F79F8E45902_1325658628 Label:Shape_Cube2 SpatiallyLoaded:true EditorBounds:IsValid=true, Min=(X=256.375 Y=1870.000 Z=0.000), Max=(X=403.625 Y=2370.000 Z=100.000) RuntimeBounds:IsValid=true, Min=(X=256.375 Y=1870.000 Z=0.000), Max=(X=403.625 Y=2370.000 Z=100.000) RuntimeGrid:None EditorOnly:false RuntimeOnly:false HLODRelevant:true ListedInSceneOutliner:true IsMainWorldOnly:false FolderPath:Raum_Ausstattung FolderGuid:57F9641842BA9A9E2DC322B4375079A2
 |   |   |- [+] [ 13]
 |   |   |   |- Guid:671A009D405764983A2AD0817B0D3767 NativeClass:/Script/Engine.StaticMeshActor Name:StaticMeshActor_UAID_98BB1E1F79F8E45902_1303834625 Label:Wand_16 SpatiallyLoaded:true EditorBounds:IsValid=true, Min=(X=2400.000 Y=90.000 Z=0.000), Max=(X=2500.000 Y=1590.000 Z=1000.000) RuntimeBounds:IsValid=true, Min=(X=2400.000 Y=90.000 Z=0.000), Max=(X=2500.000 Y=1590.000 Z=1000.000) RuntimeGrid:None EditorOnly:false RuntimeOnly:false HLODRelevant:true ListedInSceneOutliner:true IsMainWorldOnly:false FolderPath:Raum FolderGuid:D2E0ED034C7423387FC7D4973DB59E07
 |   |   |- [+] [ 14]
 |   |   |   |- Guid:6BAF4DDD444C60371492D3919DB42C97 NativeClass:/Script/Engine.WorldDataLayers Name:WorldDataLayers Label:WorldDataLayers SpatiallyLoaded:false EditorBounds:IsValid=true, Min=(X=0.000 Y=0.000 Z=0.000), Max=(X=0.000 Y=0.000 Z=0.000) RuntimeBounds:IsValid=true, Min=(X=0.000 Y=0.000 Z=0.000), Max=(X=0.000 Y=0.000 Z=0.000) RuntimeGrid:None EditorOnly:false RuntimeOnly:false HLODRelevant:false ListedInSceneOutliner:true IsMainWorldOnly:true
 |   |   |- [+] [ 15]
 |   |   |   |- Guid:7FF740724203584A4AB142819DF9BC49 NativeClass:/Script/Engine.StaticMeshActor Name:StaticMeshActor_UAID_98BB1E1F79F8E45902_1303813616 Label:Wand_8 SpatiallyLoaded:true EditorBounds:IsValid=true, Min=(X=-90.000 Y=2020.000 Z=0.000), Max=(X=10.000 Y=3520.000 Z=1000.000) RuntimeBounds:IsValid=true, Min=(X=-90.000 Y=2020.000 Z=0.000), Max=(X=10.000 Y=3520.000 Z=1000.000) RuntimeGrid:None EditorOnly:false RuntimeOnly:false HLODRelevant:true ListedInSceneOutliner:true IsMainWorldOnly:false FolderPath:Raum FolderGuid:D2E0ED034C7423387FC7D4973DB59E07
 |   |   |- [+] [ 16]
 |   |   |   |- Guid:9020678F41788B5D719D11B536602F2F NativeClass:/Script/Engine.StaticMeshActor Name:StaticMeshActor_UAID_98BB1E1F79F8E45902_1325653626 Label:Shape_Cube3 SpatiallyLoaded:true EditorBounds:IsValid=true, Min=(X=-34.532 Y=2456.198 Z=41.990), Max=(X=112.718 Y=2738.948 Z=141.990) RuntimeBounds:IsValid=true, Min=(X=-34.532 Y=2456.198 Z=41.990), Max=(X=112.718 Y=2738.948 Z=141.990) RuntimeGrid:None EditorOnly:false RuntimeOnly:false HLODRelevant:true ListedInSceneOutliner:true IsMainWorldOnly:false FolderPath:Raum_Ausstattung FolderGuid:57F9641842BA9A9E2DC322B4375079A2
 |   |   |- [+] [ 17]
 |   |   |   |- Guid:905472B24615E8DD566E6E94E5842FFC NativeClass:/Script/Engine.StaticMeshActor Name:StaticMeshActor_UAID_98BB1E1F79F8E45902_1220961607 Label:Boden_Hauptraum SpatiallyLoaded:true EditorBounds:IsValid=true, Min=(X=0.000 Y=0.000 Z=-50.000), Max=(X=4000.000 Y=3500.000 Z=0.000) RuntimeBounds:IsValid=true, Min=(X=0.000 Y=0.000 Z=-50.000), Max=(X=4000.000 Y=3500.000 Z=0.000) RuntimeGrid:None EditorOnly:false RuntimeOnly:false HLODRelevant:true ListedInSceneOutliner:true IsMainWorldOnly:false FolderPath:Raum FolderGuid:D2E0ED034C7423387FC7D4973DB59E07
 |   |   |- [+] [ 18]
 |   |   |   |- Guid:99847E65444FEA7FFF7F7797D1D051CB NativeClass:/Script/Engine.StaticMeshActor Name:StaticMeshActor_UAID_98BB1E1F79F8E45902_1325656627 Label:Shape_Cube SpatiallyLoaded:true EditorBounds:IsValid=true, Min=(X=6.375 Y=1010.000 Z=0.000), Max=(X=153.625 Y=1510.000 Z=100.000) RuntimeBounds:IsValid=true, Min=(X=6.375 Y=1010.000 Z=0.000), Max=(X=153.625 Y=1510.000 Z=100.000) RuntimeGrid:None EditorOnly:false RuntimeOnly:false HLODRelevant:true ListedInSceneOutliner:true IsMainWorldOnly:false FolderPath:Raum_Ausstattung FolderGuid:57F9641842BA9A9E2DC322B4375079A2
 |   |   |- [+] [ 19]
 |   |   |   |- Guid:99DB933A498B75E14D952DBC2A5B3777 NativeClass:/Script/Engine.StaticMeshActor Name:StaticMeshActor_UAID_98BB1E1F79F8E45902_1303819619 Label:Wand_9 SpatiallyLoaded:true EditorBounds:IsValid=true, Min=(X=3010.000 Y=-1000.000 Z=0.000), Max=(X=3110.000 Y=0.000 Z=1000.000) RuntimeBounds:IsValid=true, Min=(X=3010.000 Y=-1000.000 Z=0.000), Max=(X=3110.000 Y=0.000 Z=1000.000) RuntimeGrid:None EditorOnly:false RuntimeOnly:false HLODRelevant:true ListedInSceneOutliner:true IsMainWorldOnly:false FolderPath:Raum FolderGuid:D2E0ED034C7423387FC7D4973DB59E07
 |   |   |- [+] [ 20]
 |   |   |   |- Guid:9AF766304883AD5F9C0DD3AA1594466E NativeClass:/Script/Engine.StaticMeshActor Name:StaticMeshActor_UAID_98BB1E1F79F8E45902_1303806613 Label:Wand_7 SpatiallyLoaded:true EditorBounds:IsValid=true, Min=(X=2400.000 Y=-1100.000 Z=0.000), Max=(X=3110.000 Y=-1000.000 Z=1000.000) RuntimeBounds:IsValid=true, Min=(X=2400.000 Y=-1100.000 Z=0.000), Max=(X=3110.000 Y=-1000.000 Z=1000.000) RuntimeGrid:None EditorOnly:false RuntimeOnly:false HLODRelevant:true ListedInSceneOutliner:true IsMainWorldOnly:false FolderPath:Raum FolderGuid:D2E0ED034C7423387FC7D4973DB59E07
 |   |   |- [+] [ 21]
 |   |   |   |- Guid:B62B07684292FE7A15D1E289AF3837B1 NativeClass:/Script/Engine.StaticMeshActor Name:StaticMeshActor_UAID_98BB1E1F79F8E45902_1303832624 Label:Wand_15 SpatiallyLoaded:true EditorBounds:IsValid=true, Min=(X=1030.000 Y=2690.000 Z=0.000), Max=(X=2530.000 Y=2790.000 Z=1000.000) RuntimeBounds:IsValid=true, Min=(X=1030.000 Y=2690.000 Z=0.000), Max=(X=2530.000 Y=2790.000 Z=1000.000) RuntimeGrid:None EditorOnly:false RuntimeOnly:false HLODRelevant:true ListedInSceneOutliner:true IsMainWorldOnly:false FolderPath:Raum FolderGuid:D2E0ED034C7423387FC7D4973DB59E07
 |   |   |- [+] [ 22]
 |   |   |   |- Guid:B785ED2844B84CFB91E7F39FE661CD99 NativeClass:/Script/Engine.DirectionalLight Name:DirectionalLight_0 Label:DirectionalLight SpatiallyLoaded:false EditorBounds:IsValid=true, Min=(X=-1048576.000 Y=-1048576.000 Z=-1048576.000), Max=(X=1048576.000 Y=1048576.000 Z=1048576.000) RuntimeBounds:IsValid=true, Min=(X=-1048576.000 Y=-1048576.000 Z=-1048576.000), Max=(X=1048576.000 Y=1048576.000 Z=1048576.000) RuntimeGrid:None EditorOnly:false RuntimeOnly:false HLODRelevant:false ListedInSceneOutliner:true IsMainWorldOnly:false FolderPath:Lighting FolderGuid:963EC3EB4002CCE9759E2EBA541A873A
 |   |   |- [+] [ 23]
 |   |   |   |- Guid:BF6203784DE546C73280F19B06878432 NativeClass:/Script/Engine.StaticMeshActor Name:StaticMeshActor_UAID_98BB1E1F79F8E45902_1303792608 Label:Wand_1 SpatiallyLoaded:true EditorBounds:IsValid=true, Min=(X=3340.000 Y=100.000 Z=0.000), Max=(X=3440.000 Y=3400.000 Z=1000.000) RuntimeBounds:IsValid=true, Min=(X=3340.000 Y=100.000 Z=0.000), Max=(X=3440.000 Y=3400.000 Z=1000.000) RuntimeGrid:None EditorOnly:false RuntimeOnly:false HLODRelevant:true ListedInSceneOutliner:true IsMainWorldOnly:false FolderPath:Raum FolderGuid:D2E0ED034C7423387FC7D4973DB59E07
 |   |   |- [+] [ 24]
 |   |   |   |- Guid:C208BFAA41E5CDF73866A1B3D67A3AFD NativeClass:/Script/Engine.StaticMeshActor Name:StaticMeshActor_UAID_98BB1E1F79F8E45902_1303822620 Label:Wand_4 SpatiallyLoaded:true EditorBounds:IsValid=true, Min=(X=0.000 Y=3400.000 Z=0.000), Max=(X=4000.000 Y=3500.000 Z=1000.000) RuntimeBounds:IsValid=true, Min=(X=0.000 Y=3400.000 Z=0.000), Max=(X=4000.000 Y=3500.000 Z=1000.000) RuntimeGrid:None EditorOnly:false RuntimeOnly:false HLODRelevant:true ListedInSceneOutliner:true IsMainWorldOnly:false FolderPath:Raum FolderGuid:D2E0ED034C7423387FC7D4973DB59E07
 |   |   |- [+] [ 25]
 |   |   |   |- Guid:C83C51B54D2973110827B785138B2715 NativeClass:/Script/Engine.StaticMeshActor Name:StaticMeshActor_UAID_98BB1E1F79F8E45902_1303798610 Label:Wand_3 SpatiallyLoaded:true EditorBounds:IsValid=true, Min=(X=3010.000 Y=0.000 Z=0.000), Max=(X=4010.000 Y=100.000 Z=1000.000) RuntimeBounds:IsValid=true, Min=(X=3010.000 Y=0.000 Z=0.000), Max=(X=4010.000 Y=100.000 Z=1000.000) RuntimeGrid:None EditorOnly:false RuntimeOnly:false HLODRelevant:true ListedInSceneOutliner:true IsMainWorldOnly:false FolderPath:Raum FolderGuid:D2E0ED034C7423387FC7D4973DB59E07
 |   |   |- [+] [ 26]
 |   |   |   |- Guid:CCFF262C46EEFFDF319E7F9539CE697E NativeClass:/Script/Engine.SkyAtmosphere Name:SkyAtmosphere_0 Label:SkyAtmosphere SpatiallyLoaded:false EditorBounds:IsValid=true, Min=(X=0.000 Y=0.000 Z=1020.000), Max=(X=0.000 Y=0.000 Z=1020.000) RuntimeBounds:IsValid=true, Min=(X=0.000 Y=0.000 Z=1020.000), Max=(X=0.000 Y=0.000 Z=1020.000) RuntimeGrid:None EditorOnly:false RuntimeOnly:false HLODRelevant:false ListedInSceneOutliner:true IsMainWorldOnly:false FolderPath:Lighting FolderGuid:963EC3EB4002CCE9759E2EBA541A873A
 |   |   |- [+] [ 27]
 |   |   |   |- Guid:EB076EB246236B65BF998484AC1DBB6E NativeClass:/Script/Engine.StaticMeshActor Name:StaticMeshActor_UAID_98BB1E1F79F8E45902_1303814617 Label:Wand_11 SpatiallyLoaded:true EditorBounds:IsValid=true, Min=(X=-580.000 Y=1410.000 Z=0.000), Max=(X=-80.000 Y=1510.000 Z=1000.000) RuntimeBounds:IsValid=true, Min=(X=-580.000 Y=1410.000 Z=0.000), Max=(X=-80.000 Y=1510.000 Z=1000.000) RuntimeGrid:None EditorOnly:false RuntimeOnly:false HLODRelevant:true ListedInSceneOutliner:true IsMainWorldOnly:false FolderPath:Raum FolderGuid:D2E0ED034C7423387FC7D4973DB59E07
 |   |   |- [+] [ 28]
 |   |   |   |- Guid:EC4E0C944CE6AC6E784BC6BB2916EA13 NativeClass:/Script/Engine.StaticMeshActor Name:StaticMeshActor_UAID_A4AE111137DC5EFB00_1110535423 Label:SM_SkySphere SpatiallyLoaded:false EditorBounds:IsValid=true, Min=(X=-1638400.000 Y=-1638400.000 Z=-1638400.000), Max=(X=1638400.000 Y=1638400.000 Z=1638400.000) RuntimeBounds:IsValid=true, Min=(X=-1638400.000 Y=-1638400.000 Z=-1638400.000), Max=(X=1638400.000 Y=1638400.000 Z=1638400.000) RuntimeGrid:None EditorOnly:false RuntimeOnly:false HLODRelevant:true ListedInSceneOutliner:true IsMainWorldOnly:false FolderPath:Lighting FolderGuid:963EC3EB4002CCE9759E2EBA541A873A
 |   |   |- [+] [ 29]
 |   |   |   |- Guid:EC5879D44F1B2B1AD66E3CA407E67BE1 NativeClass:/Script/Engine.StaticMeshActor Name:StaticMeshActor_UAID_98BB1E1F79F8E45902_1303818618 Label:Wand_10 SpatiallyLoaded:true EditorBounds:IsValid=true, Min=(X=-80.000 Y=10.000 Z=0.000), Max=(X=20.000 Y=1510.000 Z=1000.000) RuntimeBounds:IsValid=true, Min=(X=-80.000 Y=10.000 Z=0.000), Max=(X=20.000 Y=1510.000 Z=1000.000) RuntimeGrid:None EditorOnly:false RuntimeOnly:false HLODRelevant:true ListedInSceneOutliner:true IsMainWorldOnly:false FolderPath:Raum FolderGuid:D2E0ED034C7423387FC7D4973DB59E07
 |   |   |- [+] [ 30]
 |   |   |   |- Guid:F15686564574DE5A6470A0ABD2E599C6 NativeClass:/Script/Engine.StaticMeshActor Name:StaticMeshActor_UAID_98BB1E1F79F8E45902_1303795609 Label:Wand_2 SpatiallyLoaded:true EditorBounds:IsValid=true, Min=(X=0.000 Y=0.000 Z=0.000), Max=(X=2500.000 Y=100.000 Z=1000.000) RuntimeBounds:IsValid=true, Min=(X=0.000 Y=0.000 Z=0.000), Max=(X=2500.000 Y=100.000 Z=1000.000) RuntimeGrid:None EditorOnly:false RuntimeOnly:false HLODRelevant:true ListedInSceneOutliner:true IsMainWorldOnly:false FolderPath:Raum FolderGuid:D2E0ED034C7423387FC7D4973DB59E07
 |   |   |- [+] [ 31]
 |   |   |   |- Guid:F5E3FEB3450C49844FD93DA8E083C8AD NativeClass:/Script/Engine.PostProcessVolume Name:PostProcessVolume_0 Label:PostProcessVolume SpatiallyLoaded:false EditorBounds:IsValid=true, Min=(X=0.000 Y=0.000 Z=400.000), Max=(X=200.000 Y=200.000 Z=600.000) RuntimeBounds:IsValid=true, Min=(X=0.000 Y=0.000 Z=400.000), Max=(X=200.000 Y=200.000 Z=600.000) RuntimeGrid:None EditorOnly:false RuntimeOnly:false HLODRelevant:false ListedInSceneOutliner:true IsMainWorldOnly:false FolderPath:Lighting FolderGuid:963EC3EB4002CCE9759E2EBA541A873A
 |- ContainerInstances:
 |- [+] MainContainer:
 |   |-        ID: 00000000000000000000000000000000
 |   |-  ParentID: 00000000000000000000000000000000
 |   |-    Bounds: IsValid=false, Min=(X=0.000 Y=0.000 Z=0.000), Max=(X=0.000 Y=0.000 Z=0.000)
 |   |- Transform: 0.000000,0.000000,0.000000|0.000000,0.000000,-0.000000|1.000000,1.000000,1.000000
 |   |- Container: /Game/ThirdPerson/Maps/ThirdPersonMap
----------------------------------------------------------------------------------------------------------------
ThirdPersonMap - Persistent Level
----------------------------------------------------------------------------------------------------------------
[+] Content of ThirdPersonMap Persistent Level
 |- Always loaded Actor Count: 32 
 |- Actor Path: /Game/ThirdPerson/Maps/ThirdPersonMap.ThirdPersonMap:PersistentLevel.DirectionalLight_0
 |- Actor Package: /Game/__ExternalActors__/ThirdPerson/Maps/ThirdPersonMap/5/R1/TS5OQ5CRUWFZYL1ZQ7I416
 |- Actor Path: /Game/ThirdPerson/Maps/ThirdPersonMap.ThirdPersonMap:PersistentLevel.ExponentialHeightFog_0
 |- Actor Package: /Game/__ExternalActors__/ThirdPerson/Maps/ThirdPersonMap/6/J7/N10XDC9G27EMLS5AGZ6AVV
 |- Actor Path: /Game/ThirdPerson/Maps/ThirdPersonMap.ThirdPersonMap:PersistentLevel.PlayerStart_UAID_98BB1E1F79F8E45902_1363309629
 |- Actor Package: /Game/__ExternalActors__/ThirdPerson/Maps/ThirdPersonMap/C/SL/POC3XYIE22RIGOZRJMKB55
 |- Actor Path: /Game/ThirdPerson/Maps/ThirdPersonMap.ThirdPersonMap:PersistentLevel.PostProcessVolume_0
 |- Actor Package: /Game/__ExternalActors__/ThirdPerson/Maps/ThirdPersonMap/1/AZ/A7GPT109Y6ZTTJD4A7TXER
 |- Actor Path: /Game/ThirdPerson/Maps/ThirdPersonMap.ThirdPersonMap:PersistentLevel.SkyAtmosphere_0
 |- Actor Package: /Game/__ExternalActors__/ThirdPerson/Maps/ThirdPersonMap/4/LN/30UBDLYFFA5ZR7U4W4L4GG
 |- Actor Path: /Game/ThirdPerson/Maps/ThirdPersonMap.ThirdPersonMap:PersistentLevel.SkyLight_1
 |- Actor Package: /Game/__ExternalActors__/ThirdPerson/Maps/ThirdPersonMap/8/S1/DXUWD12MD3HRWVVXX076BY
 |- Actor Path: /Game/ThirdPerson/Maps/ThirdPersonMap.ThirdPersonMap:PersistentLevel.StaticMeshActor_UAID_98BB1E1F79F8E45902_1220961607
 |- Actor Package: /Game/__ExternalActors__/ThirdPerson/Maps/ThirdPersonMap/9/YS/9TGPA1CET1P3QRFIUTOLCV
 |- Actor Path: /Game/ThirdPerson/Maps/ThirdPersonMap.ThirdPersonMap:PersistentLevel.StaticMeshActor_UAID_98BB1E1F79F8E45902_1303792608
 |- Actor Package: /Game/__ExternalActors__/ThirdPerson/Maps/ThirdPersonMap/9/VU/57TZFNPOJSVBRUVALMXRZR
 |- Actor Path: /Game/ThirdPerson/Maps/ThirdPersonMap.ThirdPersonMap:PersistentLevel.StaticMeshActor_UAID_98BB1E1F79F8E45902_1303795609
 |- Actor Package: /Game/__ExternalActors__/ThirdPerson/Maps/ThirdPersonMap/3/EO/PA9RPZ6CS1RQBIZX5CFCM7
 |- Actor Path: /Game/ThirdPerson/Maps/ThirdPersonMap.ThirdPersonMap:PersistentLevel.StaticMeshActor_UAID_98BB1E1F79F8E45902_1303798610
 |- Actor Package: /Game/__ExternalActors__/ThirdPerson/Maps/ThirdPersonMap/E/B6/ZX3ZZ3RK0H3DA4LYDE6M6R
 |- Actor Path: /Game/ThirdPerson/Maps/ThirdPersonMap.ThirdPersonMap:PersistentLevel.StaticMeshActor_UAID_98BB1E1F79F8E45902_1303800611
 |- Actor Package: /Game/__ExternalActors__/ThirdPerson/Maps/ThirdPersonMap/B/PW/USLKAEL0BS0QAKDKQ5R2E3
 |- Actor Path: /Game/ThirdPerson/Maps/ThirdPersonMap.ThirdPersonMap:PersistentLevel.StaticMeshActor_UAID_98BB1E1F79F8E45902_1303803612
 |- Actor Package: /Game/__ExternalActors__/ThirdPerson/Maps/ThirdPersonMap/5/5S/955R8J8GIWQBKGWSMB6YP2
 |- Actor Path: /Game/ThirdPerson/Maps/ThirdPersonMap.ThirdPersonMap:PersistentLevel.StaticMeshActor_UAID_98BB1E1F79F8E45902_1303806613
 |- Actor Package: /Game/__ExternalActors__/ThirdPerson/Maps/ThirdPersonMap/E/M6/UXWSPRLDVG4MKGXU8XODEV
 |- Actor Path: /Game/ThirdPerson/Maps/ThirdPersonMap.ThirdPersonMap:PersistentLevel.StaticMeshActor_UAID_98BB1E1F79F8E45902_1303809614
 |- Actor Package: /Game/__ExternalActors__/ThirdPerson/Maps/ThirdPersonMap/9/2O/EGJLCY19XX9KY74JJU2QKO
 |- Actor Path: /Game/ThirdPerson/Maps/ThirdPersonMap.ThirdPersonMap:PersistentLevel.StaticMeshActor_UAID_98BB1E1F79F8E45902_1303811615
 |- Actor Package: /Game/__ExternalActors__/ThirdPerson/Maps/ThirdPersonMap/B/ZB/B6P4X9B69LXL8KP8MEVN8C
 |- Actor Path: /Game/ThirdPerson/Maps/ThirdPersonMap.ThirdPersonMap:PersistentLevel.StaticMeshActor_UAID_98BB1E1F79F8E45902_1303813616
 |- Actor Package: /Game/__ExternalActors__/ThirdPerson/Maps/ThirdPersonMap/7/KB/W949PILSIKOXZJCWLBFFIE
 |- Actor Path: /Game/ThirdPerson/Maps/ThirdPersonMap.ThirdPersonMap:PersistentLevel.StaticMeshActor_UAID_98BB1E1F79F8E45902_1303814617
 |- Actor Package: /Game/__ExternalActors__/ThirdPerson/Maps/ThirdPersonMap/0/55/3OOVSREOJ26QISLAEG641Z
 |- Actor Path: /Game/ThirdPerson/Maps/ThirdPersonMap.ThirdPersonMap:PersistentLevel.StaticMeshActor_UAID_98BB1E1F79F8E45902_1303818618
 |- Actor Package: /Game/__ExternalActors__/ThirdPerson/Maps/ThirdPersonMap/0/B5/HE0G2BDU7EZF2XYRGVBZJM
 |- Actor Path: /Game/ThirdPerson/Maps/ThirdPersonMap.ThirdPersonMap:PersistentLevel.StaticMeshActor_UAID_98BB1E1F79F8E45902_1303819619
 |- Actor Package: /Game/__ExternalActors__/ThirdPerson/Maps/ThirdPersonMap/0/VA/LGKEF3FZFL6KIG6JKORBL5
 |- Actor Path: /Game/ThirdPerson/Maps/ThirdPersonMap.ThirdPersonMap:PersistentLevel.StaticMeshActor_UAID_98BB1E1F79F8E45902_1303822620
 |- Actor Package: /Game/__ExternalActors__/ThirdPerson/Maps/ThirdPersonMap/A/54/E3K09201VF93W7NRYHT53S
 |- Actor Path: /Game/ThirdPerson/Maps/ThirdPersonMap.ThirdPersonMap:PersistentLevel.StaticMeshActor_UAID_98BB1E1F79F8E45902_1303825621
 |- Actor Package: /Game/__ExternalActors__/ThirdPerson/Maps/ThirdPersonMap/E/TZ/3S7D3MWCXI1VNNH0BAC4WR
 |- Actor Path: /Game/ThirdPerson/Maps/ThirdPersonMap.ThirdPersonMap:PersistentLevel.StaticMeshActor_UAID_98BB1E1F79F8E45902_1303829623
 |- Actor Package: /Game/__ExternalActors__/ThirdPerson/Maps/ThirdPersonMap/D/HL/7N8BVQF9L7DRAC0I1YD241
 |- Actor Path: /Game/ThirdPerson/Maps/ThirdPersonMap.ThirdPersonMap:PersistentLevel.StaticMeshActor_UAID_98BB1E1F79F8E45902_1303832624
 |- Actor Package: /Game/__ExternalActors__/ThirdPerson/Maps/ThirdPersonMap/1/B2/4SQUBB4XLKBBAYLCM9MZWF
 |- Actor Path: /Game/ThirdPerson/Maps/ThirdPersonMap.ThirdPersonMap:PersistentLevel.StaticMeshActor_UAID_98BB1E1F79F8E45902_1303834625
 |- Actor Package: /Game/__ExternalActors__/ThirdPerson/Maps/ThirdPersonMap/0/D2/V501VJSZN25PA1FRJIVN97
 |- Actor Path: /Game/ThirdPerson/Maps/ThirdPersonMap.ThirdPersonMap:PersistentLevel.StaticMeshActor_UAID_98BB1E1F79F8E45902_1325653626
 |- Actor Package: /Game/__ExternalActors__/ThirdPerson/Maps/ThirdPersonMap/9/1K/QB8K934KAH58PM5O4LID3N
 |- Actor Path: /Game/ThirdPerson/Maps/ThirdPersonMap.ThirdPersonMap:PersistentLevel.StaticMeshActor_UAID_98BB1E1F79F8E45902_1325656627
 |- Actor Package: /Game/__ExternalActors__/ThirdPerson/Maps/ThirdPersonMap/B/C7/960ARXDLV2ACC1TEU0MAU7
 |- Actor Path: /Game/ThirdPerson/Maps/ThirdPersonMap.ThirdPersonMap:PersistentLevel.StaticMeshActor_UAID_98BB1E1F79F8E45902_1325658628
 |- Actor Package: /Game/__ExternalActors__/ThirdPerson/Maps/ThirdPersonMap/0/K6/4767W1PNIK7YKXW44BQFNM
 |- Actor Path: /Game/ThirdPerson/Maps/ThirdPersonMap.ThirdPersonMap:PersistentLevel.StaticMeshActor_UAID_98BB1E1F79F8E45902_1940046631
 |- Actor Package: /Game/__ExternalActors__/ThirdPerson/Maps/ThirdPersonMap/5/IL/QID8FR6NPLVQNYCDYSSF9H
 |- Actor Path: /Game/ThirdPerson/Maps/ThirdPersonMap.ThirdPersonMap:PersistentLevel.StaticMeshActor_UAID_A4AE111137DC5EFB00_1110535423
 |- Actor Package: /Game/__ExternalActors__/ThirdPerson/Maps/ThirdPersonMap/4/PN/2QISIGK5DJNQ05US8O8FXW
 |- Actor Path: /Game/ThirdPerson/Maps/ThirdPersonMap.ThirdPersonMap:PersistentLevel.TextRenderActor_UAID_98BB1E1F79F8E45902_1363320630
 |- Actor Package: /Game/__ExternalActors__/ThirdPerson/Maps/ThirdPersonMap/D/ER/36PVCNBVC6Z1MCJE6OYOQU
 |- Actor Path: /Game/ThirdPerson/Maps/ThirdPersonMap.ThirdPersonMap:PersistentLevel.VolumetricCloud_0
 |- Actor Package: /Game/__ExternalActors__/ThirdPerson/Maps/ThirdPersonMap/3/EY/87SHEJN5UBEAN2K5OV1G6R
 |- Actor Path: /Game/ThirdPerson/Maps/ThirdPersonMap.ThirdPersonMap:PersistentLevel.WorldDataLayers
 |- Actor Package: /Game/__ExternalActors__/ThirdPerson/Maps/ThirdPersonMap/0/43/HYQWORMY4JDQ5X3OKZXFLC

----------------------------------------------------------------------------------------------------------------
ThirdPersonMap - Runtime Hash Set
----------------------------------------------------------------------------------------------------------------

